  main.c
  delay.c
  exti.c
  key.c
  led.c
  timer.c
  systemp/exti/exti.c: In function 'EXTI0_IRQHandler':
systemp\exti\exti.c(50,9): warning :  type defaults to 'int' in declaration of 'i' [-Wimplicit-int]
    static i = 0;
           ^
  systemp/exti/exti.c: In function 'EXTI15_10_IRQHandler':
systemp\exti\exti.c(64,9): warning :  type defaults to 'int' in declaration of 'j' [-Wimplicit-int]
    static j = 1;
           ^
  usart.c
  system_stm32f10x.c
  startup_stm32f103xe.c
  misc.c
  stm32f10x_adc.c
  stm32f10x_bkp.c
  stm32f10x_can.c
  stm32f10x_cec.c
  stm32f10x_crc.c
  stm32f10x_dac.c
  stm32f10x_dbgmcu.c
  stm32f10x_dma.c
  stm32f10x_exti.c
  stm32f10x_flash.c
  stm32f10x_fsmc.c
  stm32f10x_gpio.c
  stm32f10x_i2c.c
  stm32f10x_iwdg.c
  stm32f10x_pwr.c
  stm32f10x_rcc.c
  stm32f10x_rtc.c
  stm32f10x_sdio.c
  stm32f10x_spi.c
  stm32f10x_tim.c
  stm32f10x_usart.c
  stm32f10x_wwdg.c
  core_cm3.c
  Linking ../VisualGDB/Debug/stm32f103rct6...
  ------------------- Memory utilization report -------------------
  Used FLASH: 9812 bytes out of 256KB (3%) [-428]
  Used SRAM: 584 bytes out of 48KB (1%)
